\BOOKMARK [1][-]{section.1}{\376\377\000T\000h\000\364\000n\000g\000\040\000t\000i\000n\000\040\000n\000h\000\363\000m}{}% 1
\BOOKMARK [2][-]{subsection.1.1}{\376\377\000D\000a\000n\000h\000\040\000s\000\341\000c\000h\000\040\000t\000h\000\340\000n\000h\000\040\000v\000i\000\352\000n}{section.1}% 2
\BOOKMARK [2][-]{subsection.1.2}{\376\377\000P\000h\000\342\000n\000\040\000c\000\364\000n\000g\000\040\000c\000\364\000n\000g\000\040\000v\000i\036\307\000c\000\040\000v\000\340\000\040\000m\036\351\000c\000\040\001\021\036\331\000\040\001\021\000\363\000n\000g\000\040\000g\000\363\000p}{section.1}% 3
\BOOKMARK [1][-]{section.2}{\376\377\000G\000i\036\333\000i\000\040\000t\000h\000i\036\307\000u\000\040\000d\036\357\000\040\000l\000i\036\307\000u}{}% 4
\BOOKMARK [2][-]{subsection.2.1}{\376\377\000B\036\321\000i\000\040\000c\036\243\000n\000h\000\040\000b\000\340\000i\000\040\000t\000o\000\341\000n\000\040\000\050\000D\000o\000m\000a\000i\000n\000\040\000S\000i\000t\000u\000a\000t\000i\000o\000n\000\051}{section.2}% 5
\BOOKMARK [2][-]{subsection.2.2}{\376\377\000N\000g\000u\036\323\000n\000\040\000g\036\321\000c\000\040\000d\036\357\000\040\000l\000i\036\307\000u}{section.2}% 6
\BOOKMARK [2][-]{subsection.2.3}{\376\377\000M\000\364\000\040\000t\036\243\000\040\000t\036\325\000n\000g\000\040\000q\000u\000a\000n\000\040\000d\036\357\000\040\000l\000i\036\307\000u}{section.2}% 7
\BOOKMARK [2][-]{subsection.2.4}{\376\377\000T\000i\036\301\000n\000\040\000x\036\355\000\040\000l\000\375\000\040\000d\036\357\000\040\000l\000i\036\307\000u}{section.2}% 8
\BOOKMARK [2][-]{subsection.2.5}{\376\377\000B\036\243\000n\000g\000\040\000m\000\364\000\040\000t\036\243\000\040\000c\000\341\000c\000\040\000b\000i\036\277\000n\000\040\000q\000u\000a\000n\000\040\000t\000r\036\315\000n\000g}{section.2}% 9
\BOOKMARK [1][-]{section.3}{\376\377\000P\000h\000\342\000n\000\040\000t\000\355\000c\000h\000\040\000W\000h\000a\000t\000-\000W\000h\000y}{}% 10
\BOOKMARK [2][-]{subsection.3.1}{\376\377\000W\000h\000a\000t\000\040\040\023\000\040\000P\000h\000\342\000n\000\040\000t\000\355\000c\000h\000\040\000d\036\357\000\040\000l\000i\036\307\000u}{section.3}% 11
\BOOKMARK [2][-]{subsection.3.2}{\376\377\000W\000h\000y\000\040\040\023\000\040\000C\000\342\000u\000\040\000h\036\317\000i\000\040\000p\000h\000\342\000n\000\040\000t\000\355\000c\000h\000\040\000v\000\340\000\040\000n\000h\000i\036\307\000m\000\040\000v\036\345\000\040\000t\000r\036\361\000c\000\040\000q\000u\000a\000n}{section.3}% 12
\BOOKMARK [2][-]{subsection.3.3}{\376\377\000P\000h\036\241\000m\000\040\000v\000i\000\040\000d\000a\000s\000h\000b\000o\000a\000r\000d}{section.3}% 13
\BOOKMARK [1][-]{section.4}{\376\377\000T\000h\000i\036\277\000t\000\040\000k\036\277\000\040\000d\000a\000s\000h\000b\000o\000a\000r\000d\000\040\000v\000\340\000\040\000k\036\277\000t\000\040\000q\000u\036\243}{}% 14
\BOOKMARK [2][-]{subsection.4.1}{\376\377\000T\036\325\000n\000g\000\040\000q\000u\000a\000n\000\040\000d\000a\000s\000h\000b\000o\000a\000r\000d}{section.4}% 15
\BOOKMARK [2][-]{subsection.4.2}{\376\377\000T\000h\000i\036\277\000t\000\040\000k\036\277\000\040\000t\036\353\000n\000g\000\040\000b\000i\036\303\000u\000\040\001\021\036\323\000\040\000t\000h\000\340\000n\000h\000\040\000p\000h\036\247\000n}{section.4}% 16
\BOOKMARK [2][-]{subsection.4.3}{\376\377\000B\000i\036\307\000n\000\040\000l\000u\036\255\000n\000\040\000t\000h\000i\036\277\000t\000\040\000k\036\277\000\040\000t\036\325\000n\000g\000\040\000t\000h\036\303}{section.4}% 17
\BOOKMARK [2][-]{subsection.4.4}{\376\377\000K\036\277\000t\000\040\000q\000u\036\243\000\040\000c\000h\000\355\000n\000h\000\040\000r\000\372\000t\000\040\000r\000a\000\040\000t\036\353\000\040\000d\000a\000s\000h\000b\000o\000a\000r\000d}{section.4}% 18
\BOOKMARK [1][-]{section.5}{\376\377\000T\000h\036\243\000o\000\040\000l\000u\036\255\000n}{}% 19
\BOOKMARK [2][-]{subsection.5.1}{\376\377\000K\000h\000\363\000\040\000k\000h\001\003\000n\000\040\000g\036\267\000p\000\040\000p\000h\036\243\000i}{section.5}% 20
\BOOKMARK [2][-]{subsection.5.2}{\376\377\000H\036\241\000n\000\040\000c\000h\036\277\000\040\000c\036\347\000a\000\040\000t\000h\000i\036\277\000t\000\040\000k\036\277\000\040\000h\000i\036\307\000n\000\040\000t\036\241\000i}{section.5}% 21
\BOOKMARK [2][-]{subsection.5.3}{\376\377\000H\001\260\036\333\000n\000g\000\040\000p\000h\000\341\000t\000\040\000t\000r\000i\036\303\000n}{section.5}% 22
\BOOKMARK [2][-]{subsection.5.4}{\376\377\000K\036\277\000t\000\040\000l\000u\036\255\000n\000\040\000n\000g\036\257\000n}{section.5}% 23
\BOOKMARK [1][-]{subsection.5.4}{\376\377\000T\000\340\000i\000\040\000l\000i\036\307\000u\000\040\000t\000h\000a\000m\000\040\000k\000h\036\243\000o}{}% 24
\BOOKMARK [1][-]{section.6}{\376\377\000P\000h\036\345\000\040\000l\036\345\000c}{}% 25
\BOOKMARK [2][-]{subsection.6.1}{\376\377\000T\000\363\000m\000\040\000t\036\257\000t\000\040\036\243\000n\000h\000\040\001\021\000\343\000\040\000t\036\241\000o\000\040\000b\036\261\000n\000g\000\040\000c\000o\000d\000e}{section.6}% 26
\BOOKMARK [2][-]{subsection.6.2}{\376\377\036\242\000n\000h\000\040\000c\036\247\000n\000\040\000b\036\325\000\040\000s\000u\000n\000g\000\040\000t\000h\036\347\000\040\000c\000\364\000n\000g}{section.6}% 27
\BOOKMARK [2][-]{subsection.6.3}{\376\377\000G\036\343\000i\000\040\000\375\000\040\000t\000h\000a\000o\000\040\000t\000\341\000c\000\040\000l\036\245\000y\000\040\036\243\000n\000h}{section.6}% 28
